{"level":"info","message":"POST /products","timestamp":"2024-10-08T16:03:56.596Z"}
{"level":"info","message":"GET /products?minPrice=2799&maxPrice=2800&minStock=1&maxStock=1","timestamp":"2024-10-08T16:03:56.643Z"}
{"code":"ERR_INVALID_ARG_VALUE","level":"error","timestamp":"2024-10-08T16:03:56.654Z"}
{"level":"info","message":"GET /products","timestamp":"2024-10-08T16:03:56.718Z"}
{"code":"ERR_INVALID_ARG_VALUE","level":"error","timestamp":"2024-10-08T16:03:56.721Z"}
{"level":"info","message":"POST /products","timestamp":"2024-10-08T16:07:37.261Z"}
{"level":"info","message":"GET /products?minPrice=2799&maxPrice=2800&minStock=1&maxStock=1","tixmestamp":"2024-10-08T16:07:37.338Z"}
{"level":"info","message":"GET /products","timestamp":"2024-10-08T16:07:37.430Z"}
{"level":"info","message":"PUT /products/1","timestamp":"2024-10-08T16:07:37.557Z"}
{"level":"info","message":"DELETE /products/1","timestamp":"2024-10-08T16:07:37.646Z"}
{"level":"info","message":"POST /products","timestamp":"2024-10-08T16:09:09.237Z"}
{"level":"error","message":"jwt must be provided","name":"JsonWebTokenError","timestamp":"2024-10-08T16:09:09.244Z"}
{"level":"info","message":"GET /products?minPrice=2799&maxPrice=2800&minStock=1&maxStock=1","timestamp":"2024-10-08T16:09:09.313Z"}
{"level":"error","message":"jwt must be provided","name":"JsonWebTokenError","timestamp":"2024-10-08T16:09:09.315Z"}
{"level":"info","message":"GET /products","timestamp":"2024-10-08T16:09:09.404Z"}
{"level":"error","message":"jwt must be provided","name":"JsonWebTokenError","timestamp":"2024-10-08T16:09:09.407Z"}
{"level":"info","message":"POST /products","timestamp":"2024-10-08T16:09:38.992Z"}
{"level":"error","message":"jwt must be provided","name":"JsonWebTokenError","timestamp":"2024-10-08T16:09:38.995Z"}
{"level":"info","message":"GET /products?minPrice=2799&maxPrice=2800&minStock=1&maxStock=1","timestamp":"2024-10-08T16:09:39.053Z"}
{"level":"error","message":"jwt must be provided","name":"JsonWebTokenError","timestamp":"2024-10-08T16:09:39.055Z"}
{"level":"info","message":"GET /products","timestamp":"2024-10-08T16:09:39.118Z"}
{"level":"error","message":"jwt must be provided","name":"JsonWebTokenError","timestamp":"2024-10-08T16:09:39.121Z"}
{"level":"info","message":"POST /products","timestamp":"2024-10-08T16:09:49.730Z"}
{"level":"info","message":"GET /products?minPrice=2799&maxPrice=2800&minStock=1&maxStock=1","timestamp":"2024-10-08T16:09:49.826Z"}
{"level":"info","message":"GET /products","timestamp":"2024-10-08T16:09:49.917Z"}
{"level":"info","message":"PUT /products/21","timestamp":"2024-10-08T16:09:49.967Z"}
{"level":"info","message":"DELETE /products/21","timestamp":"2024-10-08T16:09:50.024Z"}
{"level":"info","message":"POST /products","timestamp":"2024-10-08T16:12:32.069Z"}
{"level":"info","message":"GET /products?minPrice=2799&maxPrice=2800&minStock=1&maxStock=1","timestamp":"2024-10-08T16:12:32.149Z"}
{"level":"info","message":"GET /products","timestamp":"2024-10-08T16:12:32.209Z"}
{"level":"info","message":"PUT /products/1","timestamp":"2024-10-08T16:12:32.299Z"}
{"level":"info","message":"DELETE /products/1","timestamp":"2024-10-08T16:12:32.377Z"}
{"level":"info","message":"POST /products","timestamp":"2024-10-08T16:13:12.327Z"}
{"level":"info","message":"GET /products?minPrice=2799&maxPrice=2800&minStock=1&maxStock=1","timestamp":"2024-10-08T16:13:12.400Z"}
{"level":"info","message":"GET /products","timestamp":"2024-10-08T16:13:12.478Z"}
{"level":"info","message":"PUT /products/1","timestamp":"2024-10-08T16:13:12.587Z"}
{"level":"info","message":"DELETE /products/1","timestamp":"2024-10-08T16:13:12.678Z"}
{"level":"info","message":"POST /products","timestamp":"2024-10-08T16:13:29.527Z"}
{"level":"info","message":"GET /products","timestamp":"2024-10-08T16:13:29.605Z"}
{"level":"info","message":"GET /products?minPrice=2799&maxPrice=2800&minStock=1&maxStock=1","timestamp":"2024-10-08T16:13:29.715Z"}
{"level":"info","message":"PUT /products/1","timestamp":"2024-10-08T16:13:29.794Z"}
{"level":"info","message":"DELETE /products/1","timestamp":"2024-10-08T16:13:29.885Z"}
{"level":"info","message":"POST /products","timestamp":"2024-10-08T16:13:44.585Z"}
{"level":"info","message":"GET /products","timestamp":"2024-10-08T16:13:44.677Z"}
{"level":"info","message":"GET /products?minPrice=2799&maxPrice=2800&minStock=1&maxStock=1","timestamp":"2024-10-08T16:13:44.739Z"}
{"level":"info","message":"PUT /products/1","timestamp":"2024-10-08T16:13:44.831Z"}
{"level":"info","message":"DELETE /products/1","timestamp":"2024-10-08T16:13:44.924Z"}
{"level":"info","message":"POST /products","timestamp":"2024-10-08T16:15:41.176Z"}
{"level":"info","message":"GET /products","timestamp":"2024-10-08T16:15:41.270Z"}
{"level":"info","message":"GET /products?minPrice=2799&maxPrice=2800&minStock=1&maxStock=1","timestamp":"2024-10-08T16:15:41.376Z"}
{"level":"info","message":"PUT /products/20","timestamp":"2024-10-08T16:15:41.471Z"}
{"level":"info","message":"DELETE /products/20","timestamp":"2024-10-08T16:15:41.565Z"}
{"level":"info","message":"GET /products","timestamp":"2024-11-15T20:11:23.625Z"}
{"level":"info","message":"GET /products","timestamp":"2024-11-15T20:15:58.651Z"}
{"level":"error","message":"invalid token","name":"JsonWebTokenError","timestamp":"2024-11-15T20:15:58.662Z"}
{"level":"info","message":"GET /products","timestamp":"2024-11-15T23:06:59.091Z"}
{"level":"info","message":"GET /products","timestamp":"2024-11-15T23:07:01.663Z"}
{"level":"info","message":"GET /products","timestamp":"2024-11-15T23:07:12.467Z"}
{"level":"info","message":"GET /products","timestamp":"2024-11-15T23:07:13.118Z"}
{"level":"info","message":"GET /products","timestamp":"2024-11-15T23:08:22.596Z"}
{"level":"info","message":"GET /products","timestamp":"2024-11-15T23:26:38.346Z"}
{"level":"info","message":"GET /products","timestamp":"2024-11-15T23:26:42.480Z"}
{"level":"info","message":"GET /products","timestamp":"2024-11-15T23:26:43.008Z"}
{"level":"info","message":"GET /products","timestamp":"2024-11-15T23:26:43.819Z"}
{"level":"info","message":"GET /products","timestamp":"2024-11-15T23:28:51.087Z"}
{"level":"info","message":"GET /products","timestamp":"2024-11-15T23:28:51.923Z"}
{"level":"info","message":"GET /products","timestamp":"2024-11-15T23:30:56.029Z"}
{"level":"info","message":"GET /products","timestamp":"2024-11-15T23:31:48.354Z"}
{"level":"error","message":"jwt malformed","name":"JsonWebTokenError","timestamp":"2024-11-15T23:31:48.365Z"}
{"level":"info","message":"GET /products","timestamp":"2024-11-15T23:31:57.216Z"}
{"level":"info","message":"GET /products","timestamp":"2024-11-15T23:32:05.887Z"}
{"level":"info","message":"GET /products","timestamp":"2024-11-15T23:33:10.837Z"}
{"level":"error","message":"jwt malformed","name":"JsonWebTokenError","timestamp":"2024-11-15T23:33:10.849Z"}
{"level":"info","message":"GET /products","timestamp":"2024-11-15T23:33:58.602Z"}
{"level":"info","message":"DELETE /products/1","timestamp":"2024-11-15T23:37:40.477Z"}
{"level":"error","message":"jwt malformed","name":"JsonWebTokenError","timestamp":"2024-11-15T23:37:40.487Z"}
{"level":"info","message":"DELETE /products/1","timestamp":"2024-11-15T23:37:43.214Z"}
{"level":"info","message":"GET /products","timestamp":"2024-11-15T23:38:10.886Z"}
{"level":"info","message":"GET /products","timestamp":"2024-11-15T23:38:12.384Z"}
{"level":"info","message":"POST /products","timestamp":"2024-11-15T23:38:23.086Z"}
{"level":"info","message":"GET /products","timestamp":"2024-11-15T23:40:52.996Z"}
{"level":"info","message":"GET /products","timestamp":"2024-11-15T23:42:12.454Z"}
{"level":"info","message":"GET /products","timestamp":"2024-11-15T23:42:38.729Z"}
{"level":"info","message":"GET /products","timestamp":"2024-11-15T23:43:53.482Z"}
{"level":"info","message":"GET /products","timestamp":"2024-11-15T23:45:46.168Z"}
{"level":"info","message":"GET /products","timestamp":"2024-11-16T00:17:42.303Z"}
{"level":"info","message":"GET /products","timestamp":"2024-11-16T00:17:51.052Z"}
{"level":"info","message":"GET /products","timestamp":"2024-11-16T00:17:51.781Z"}
{"level":"info","message":"GET /products","timestamp":"2024-11-16T00:17:52.288Z"}
{"level":"info","message":"GET /products","timestamp":"2024-11-16T00:17:59.224Z"}
{"level":"info","message":"GET /products","timestamp":"2024-11-16T00:18:00.100Z"}
{"level":"info","message":"GET /products","timestamp":"2024-11-16T00:18:00.518Z"}
{"level":"info","message":"GET /products","timestamp":"2024-11-16T00:18:00.976Z"}
{"level":"info","message":"GET /products","timestamp":"2024-11-16T00:19:43.397Z"}
{"level":"info","message":"GET /products","timestamp":"2024-11-16T00:19:50.460Z"}
{"level":"info","message":"GET /products","timestamp":"2024-11-16T00:20:31.457Z"}
{"level":"info","message":"GET /products","timestamp":"2024-11-16T00:20:55.082Z"}
{"level":"info","message":"GET /products","timestamp":"2024-11-16T00:21:33.747Z"}
{"level":"error","message":"jwt malformed","name":"JsonWebTokenError","timestamp":"2024-11-16T00:21:33.758Z"}
{"level":"info","message":"GET /products","timestamp":"2024-11-16T00:21:39.574Z"}
{"level":"info","message":"GET /products","timestamp":"2024-11-16T00:33:52.127Z"}
{"level":"info","message":"POST /products","timestamp":"2024-11-16T00:34:46.956Z"}
{"level":"info","message":"POST /products","timestamp":"2024-11-16T00:35:52.661Z"}
{"level":"info","message":"GET /products","timestamp":"2024-11-16T00:37:39.330Z"}
{"level":"info","message":"POST /products","timestamp":"2024-11-16T00:37:43.749Z"}
{"level":"info","message":"GET /products","timestamp":"2024-11-16T00:38:09.154Z"}
{"level":"info","message":"GET /products","timestamp":"2024-11-16T00:46:51.890Z"}
{"level":"info","message":"POST /products","timestamp":"2024-11-16T00:46:55.186Z"}
{"level":"info","message":"GET /products","timestamp":"2024-11-16T00:58:14.412Z"}
{"level":"error","message":"jwt malformed","name":"JsonWebTokenError","timestamp":"2024-11-16T00:58:14.421Z"}
{"level":"info","message":"GET /products","timestamp":"2024-11-16T00:58:23.136Z"}
{"level":"info","message":"POST /products","timestamp":"2024-11-16T00:58:26.375Z"}
{"level":"error","message":"jwt malformed","name":"JsonWebTokenError","timestamp":"2024-11-16T00:58:26.378Z"}
{"level":"info","message":"POST /products","timestamp":"2024-11-16T00:58:36.220Z"}
{"level":"info","message":"POST /products","timestamp":"2024-11-16T00:59:07.435Z"}
{"level":"info","message":"GET /products","timestamp":"2024-11-16T01:03:04.350Z"}
{"level":"error","message":"invalid token","name":"JsonWebTokenError","timestamp":"2024-11-16T01:03:04.361Z"}
{"level":"info","message":"POST /products","timestamp":"2024-11-16T01:03:10.853Z"}
{"level":"info","message":"POST /products","timestamp":"2024-11-16T01:04:04.616Z"}
{"level":"info","message":"POST /products","timestamp":"2024-11-16T01:05:20.837Z"}
{"level":"info","message":"POST /products","timestamp":"2024-11-16T01:08:23.549Z"}
{"level":"error","message":"jwt malformed","name":"JsonWebTokenError","timestamp":"2024-11-16T01:08:23.560Z"}
{"level":"info","message":"POST /products","timestamp":"2024-11-16T01:08:28.787Z"}
{"level":"info","message":"POST /products","timestamp":"2024-11-16T01:10:10.484Z"}
{"level":"info","message":"POST /products","timestamp":"2024-11-16T01:10:57.486Z"}
{"level":"info","message":"POST /products","timestamp":"2024-11-16T01:11:01.258Z"}
{"level":"info","message":"POST /products","timestamp":"2024-11-16T01:11:13.774Z"}
{"level":"info","message":"POST /products","timestamp":"2024-11-16T01:11:56.703Z"}
{"level":"info","message":"POST /products","timestamp":"2024-11-16T01:12:02.469Z"}
{"level":"info","message":"PUT /products/21","timestamp":"2024-11-16T01:12:45.981Z"}
{"level":"info","message":"PUT /products/21","timestamp":"2024-11-16T01:14:37.240Z"}
{"level":"info","message":"GET /products","timestamp":"2024-11-16T01:15:25.622Z"}
{"level":"info","message":"GET /products","timestamp":"2024-11-16T01:15:48.108Z"}
{"level":"info","message":"GET /products","timestamp":"2024-11-16T01:18:51.303Z"}
{"level":"info","message":"PUT /products/21","timestamp":"2024-11-16T01:18:55.609Z"}
{"level":"error","message":"invalid token","name":"JsonWebTokenError","timestamp":"2024-11-16T01:18:55.617Z"}
{"level":"info","message":"PUT /products/21","timestamp":"2024-11-16T01:19:00.756Z"}
{"level":"info","message":"GET /products","timestamp":"2024-11-16T01:19:45.667Z"}
{"level":"info","message":"PUT /products/21","timestamp":"2024-11-16T01:19:48.359Z"}
{"level":"info","message":"PUT /products/21","timestamp":"2024-11-16T01:20:25.435Z"}
{"level":"info","message":"PUT /products/21","timestamp":"2024-11-16T01:20:32.652Z"}
{"level":"info","message":"PUT /products/21","timestamp":"2024-11-16T01:21:11.729Z"}
{"level":"info","message":"PUT /products/21","timestamp":"2024-11-16T01:22:44.004Z"}
{"level":"info","message":"PUT /products/21","timestamp":"2024-11-16T01:23:15.299Z"}
{"level":"info","message":"PUT /products/21","timestamp":"2024-11-16T01:23:54.256Z"}
{"level":"info","message":"PUT /products/21","timestamp":"2024-11-16T01:24:20.256Z"}
{"level":"info","message":"PUT /products/21","timestamp":"2024-11-16T01:24:41.624Z"}
{"level":"info","message":"PUT /products/20","timestamp":"2024-11-16T01:28:09.604Z"}
{"level":"error","message":"jwt malformed","name":"JsonWebTokenError","timestamp":"2024-11-16T01:28:09.617Z"}
{"level":"info","message":"PUT /products/20","timestamp":"2024-11-16T01:28:15.338Z"}
{"level":"info","message":"GET /products","timestamp":"2024-11-16T01:28:28.952Z"}
{"level":"info","message":"PUT /products/21","timestamp":"2024-11-16T01:28:59.813Z"}
{"level":"info","message":"PUT /products/20","timestamp":"2024-11-16T01:29:14.611Z"}
{"level":"info","message":"GET /products","timestamp":"2024-11-16T01:29:17.737Z"}
{"level":"error","message":"jwt malformed","name":"JsonWebTokenError","timestamp":"2024-11-16T01:29:17.742Z"}
{"level":"info","message":"GET /products","timestamp":"2024-11-16T01:29:20.634Z"}
{"level":"info","message":"PUT /products/21","timestamp":"2024-11-16T01:29:47.062Z"}
{"level":"info","message":"PUT /products/21","timestamp":"2024-11-16T01:40:32.227Z"}
{"level":"info","message":"PUT /products/21","timestamp":"2024-11-16T01:42:23.365Z"}
{"level":"info","message":"PUT /products/21","timestamp":"2024-11-16T01:43:35.910Z"}
{"level":"info","message":"PUT /products/21","timestamp":"2024-11-16T01:45:53.166Z"}
{"level":"info","message":"PUT /products/21","timestamp":"2024-11-16T01:50:48.975Z"}
{"level":"info","message":"DELETE /products/21","timestamp":"2024-11-16T01:51:11.145Z"}
{"level":"info","message":"POST /products","timestamp":"2024-11-16T01:53:21.798Z"}
{"level":"info","message":"PUT /products/21","timestamp":"2024-11-16T01:53:40.050Z"}
{"level":"info","message":"POST /products","timestamp":"2024-11-16T02:49:13.059Z"}
{"level":"info","message":"POST /products","timestamp":"2024-11-16T02:52:43.191Z"}
{"level":"info","message":"POST /products","timestamp":"2024-11-16T03:09:56.909Z"}
{"level":"error","message":"jwt malformed","name":"JsonWebTokenError","timestamp":"2024-11-16T03:09:56.920Z"}
{"level":"info","message":"POST /products","timestamp":"2024-11-16T03:10:04.137Z"}
{"level":"info","message":"POST /products","timestamp":"2024-11-16T03:12:25.284Z"}
{"level":"info","message":"POST /products","timestamp":"2024-11-16T03:12:32.235Z"}
{"level":"info","message":"POST /products","timestamp":"2024-11-16T03:14:26.527Z"}
{"level":"info","message":"POST /products","timestamp":"2024-11-16T03:24:30.223Z"}
{"level":"info","message":"POST /products","timestamp":"2024-11-16T03:26:26.779Z"}
{"level":"info","message":"POST /products","timestamp":"2024-11-16T03:29:27.759Z"}
{"level":"info","message":"PUT /products/21","timestamp":"2024-11-16T03:30:14.199Z"}
{"level":"info","message":"PUT /products/21","timestamp":"2024-11-16T03:30:17.736Z"}
{"level":"info","message":"PUT /products/21","timestamp":"2024-11-16T03:30:18.247Z"}
{"level":"info","message":"PUT /products/21","timestamp":"2024-11-16T03:30:20.554Z"}
{"level":"info","message":"PUT /products/21","timestamp":"2024-11-16T03:30:21.406Z"}
{"level":"info","message":"GET /products","timestamp":"2024-11-16T03:30:55.200Z"}
{"level":"info","message":"GET /products","timestamp":"2024-11-16T03:31:18.247Z"}
{"level":"info","message":"GET /products","timestamp":"2024-11-16T03:31:19.875Z"}
{"level":"info","message":"GET /products","timestamp":"2024-11-16T03:31:20.465Z"}
{"level":"info","message":"PUT /products/21","timestamp":"2024-11-16T03:31:22.809Z"}
{"level":"info","message":"PUT /products/21","timestamp":"2024-11-16T03:31:23.355Z"}
{"level":"info","message":"GET /products","timestamp":"2024-11-16T03:39:07.357Z"}
{"level":"error","message":"jwt malformed","name":"JsonWebTokenError","timestamp":"2024-11-16T03:39:07.367Z"}
{"level":"info","message":"GET /products","timestamp":"2024-11-16T03:39:17.910Z"}
{"level":"info","message":"PUT /products/21","timestamp":"2024-11-16T04:18:28.536Z"}
{"level":"error","message":"jwt malformed","name":"JsonWebTokenError","timestamp":"2024-11-16T04:18:28.539Z"}
{"level":"info","message":"PUT /products/21","timestamp":"2024-11-16T04:18:38.082Z"}
{"level":"info","message":"PUT /products/21","timestamp":"2024-11-16T04:31:06.622Z"}
{"level":"info","message":"PUT /products/21","timestamp":"2024-11-16T04:35:14.644Z"}
{"level":"info","message":"PUT /products/21","timestamp":"2024-11-16T04:36:04.852Z"}
{"level":"info","message":"PUT /products/21","timestamp":"2024-11-16T04:36:53.730Z"}
{"level":"info","message":"GET /products","timestamp":"2024-11-16T05:41:09.510Z"}
{"level":"error","message":"jwt malformed","name":"JsonWebTokenError","timestamp":"2024-11-16T05:41:09.521Z"}
{"level":"info","message":"GET /products","timestamp":"2024-11-16T05:41:18.086Z"}
{"level":"info","message":"GET /products","timestamp":"2024-11-16T07:07:45.214Z"}
{"level":"info","message":"POST /products","timestamp":"2024-11-16T07:07:59.015Z"}
{"level":"info","message":"PUT /products/21","timestamp":"2024-11-16T07:08:10.900Z"}
{"level":"info","message":"PUT /products/21","timestamp":"2024-11-16T07:08:36.786Z"}
{"level":"info","message":"PUT /products/21","timestamp":"2024-11-16T07:08:38.098Z"}
{"level":"info","message":"PUT /products/21","timestamp":"2024-11-16T07:08:38.788Z"}
{"level":"info","message":"PUT /products/21","timestamp":"2024-11-16T07:08:39.652Z"}
{"level":"info","message":"POST /products","timestamp":"2024-11-16T07:08:45.537Z"}
{"level":"info","message":"PUT /products/21","timestamp":"2024-11-16T07:08:57.624Z"}
{"level":"info","message":"DELETE /products/21","timestamp":"2024-11-16T07:09:06.308Z"}
{"level":"info","message":"POST /products","timestamp":"2024-11-16T07:09:14.288Z"}
{"level":"info","message":"PUT /products/21","timestamp":"2024-11-16T07:10:07.248Z"}
{"level":"error","message":"jwt malformed","name":"JsonWebTokenError","timestamp":"2024-11-16T07:10:07.259Z"}
{"level":"info","message":"PUT /products/21","timestamp":"2024-11-16T07:10:16.613Z"}
{"level":"info","message":"PUT /products/22","timestamp":"2024-11-16T07:10:25.838Z"}
{"level":"info","message":"POST /products","timestamp":"2024-11-16T07:10:35.822Z"}
{"level":"info","message":"PUT /products/23","timestamp":"2024-11-16T07:10:45.071Z"}
{"level":"info","message":"DELETE /products/23","timestamp":"2024-11-16T07:10:55.663Z"}
{"level":"info","message":"DELETE /products/22","timestamp":"2024-11-16T07:10:58.700Z"}
{"level":"info","message":"DELETE /products/21","timestamp":"2024-11-16T07:11:00.710Z"}
{"level":"info","message":"GET /products","timestamp":"2024-11-16T18:51:15.292Z"}
{"level":"info","message":"GET /products","timestamp":"2024-11-16T19:48:46.953Z"}
{"level":"info","message":"POST /products","timestamp":"2024-11-16T19:48:47.020Z"}
{"level":"info","message":"GET /products?minPrice=2799&maxPrice=2800&minStock=1&maxStock=1","timestamp":"2024-11-16T19:48:47.038Z"}
{"level":"info","message":"GET /products/","timestamp":"2024-11-16T19:48:47.055Z"}
{"level":"info","message":"GET /products","timestamp":"2024-11-16T19:48:47.196Z"}
{"level":"info","message":"GET /products","timestamp":"2024-11-16T19:54:10.638Z"}
{"level":"info","message":"POST /products","timestamp":"2024-11-16T19:54:10.698Z"}
{"level":"info","message":"GET /products","timestamp":"2024-11-16T19:54:10.754Z"}
{"level":"info","message":"GET /products","timestamp":"2024-11-16T19:54:41.656Z"}
{"level":"info","message":"POST /products","timestamp":"2024-11-16T19:54:41.719Z"}
{"level":"info","message":"GET /products","timestamp":"2024-11-16T19:56:20.700Z"}
{"level":"info","message":"POST /products","timestamp":"2024-11-16T19:56:20.762Z"}
{"level":"info","message":"GET /products","timestamp":"2024-11-16T19:56:52.616Z"}
{"level":"info","message":"POST /products","timestamp":"2024-11-16T19:56:52.678Z"}
{"level":"info","message":"POST /products","timestamp":"2024-11-16T20:00:57.674Z"}
{"level":"info","message":"POST /products","timestamp":"2024-11-16T20:01:22.123Z"}
{"level":"info","message":"POST /products","timestamp":"2024-11-16T20:02:19.143Z"}
{"level":"info","message":"POST /products","timestamp":"2024-11-16T20:04:42.900Z"}
{"code":"ERR_INVALID_ARG_VALUE","level":"error","timestamp":"2024-11-16T20:04:42.910Z"}
{"level":"info","message":"POST /products","timestamp":"2024-11-16T20:05:13.125Z"}
{"code":"ERR_INVALID_ARG_VALUE","level":"error","timestamp":"2024-11-16T20:05:13.135Z"}
{"level":"info","message":"POST /products","timestamp":"2024-11-16T20:05:48.832Z"}
{"level":"info","message":"PUT /products/21","timestamp":"2024-11-16T20:06:06.738Z"}
{"level":"info","message":"DELETE /products/21","timestamp":"2024-11-16T20:06:23.115Z"}
{"level":"info","message":"POST /products","timestamp":"2024-11-16T20:08:05.312Z"}
{"level":"error","message":"jwt malformed","name":"JsonWebTokenError","timestamp":"2024-11-16T20:08:05.322Z"}
{"level":"info","message":"POST /products","timestamp":"2024-11-16T20:08:29.464Z"}
{"level":"error","message":"jwt malformed","name":"JsonWebTokenError","timestamp":"2024-11-16T20:08:29.475Z"}
{"level":"info","message":"POST /products","timestamp":"2024-11-16T20:09:10.691Z"}
{"level":"error","message":"jwt malformed","name":"JsonWebTokenError","timestamp":"2024-11-16T20:09:10.701Z"}
{"level":"info","message":"POST /products","timestamp":"2024-11-16T20:09:44.563Z"}
{"level":"error","message":"jwt malformed","name":"JsonWebTokenError","timestamp":"2024-11-16T20:09:44.574Z"}
{"level":"info","message":"POST /products","timestamp":"2024-11-16T20:09:59.997Z"}
{"code":"ERR_INVALID_ARG_VALUE","level":"error","timestamp":"2024-11-16T20:10:00.008Z"}
{"level":"info","message":"POST /products","timestamp":"2024-11-16T20:10:18.951Z"}
{"code":"ERR_INVALID_ARG_VALUE","level":"error","timestamp":"2024-11-16T20:10:18.962Z"}
{"level":"info","message":"POST /products","timestamp":"2024-11-16T21:19:22.937Z"}
{"level":"info","message":"GET /products","timestamp":"2024-11-16T21:19:24.919Z"}
{"level":"info","message":"GET /products?minPrice=2799&maxPrice=2800&minStock=1&maxStock=1","timestamp":"2024-11-16T21:19:24.958Z"}
{"level":"info","message":"POST /products","timestamp":"2024-11-16T21:19:48.492Z"}
{"level":"info","message":"GET /products","timestamp":"2024-11-16T21:19:48.504Z"}
{"level":"info","message":"GET /products?minPrice=2799&maxPrice=2800&minStock=1&maxStock=1","timestamp":"2024-11-16T21:19:48.540Z"}
{"level":"info","message":"POST /products","timestamp":"2024-11-16T21:21:02.923Z"}
{"level":"info","message":"GET /products","timestamp":"2024-11-16T21:21:02.933Z"}
{"level":"info","message":"GET /products?minPrice=2799&maxPrice=2800&minStock=1&maxStock=1","timestamp":"2024-11-16T21:21:02.969Z"}
{"level":"info","message":"PUT /products/undefined","timestamp":"2024-11-16T21:21:02.979Z"}
{"level":"info","message":"DELETE /products/undefined","timestamp":"2024-11-16T21:21:02.990Z"}
{"level":"info","message":"GET /products","timestamp":"2024-11-16T21:21:16.733Z"}
{"level":"error","message":"jwt malformed","name":"JsonWebTokenError","timestamp":"2024-11-16T21:21:16.741Z"}
{"level":"info","message":"GET /products","timestamp":"2024-11-16T21:21:23.763Z"}
{"level":"info","message":"POST /products","timestamp":"2024-11-16T21:22:34.121Z"}
{"level":"info","message":"GET /products","timestamp":"2024-11-16T21:22:34.131Z"}
{"level":"info","message":"GET /products?minPrice=1&maxPrice=2800&minStock=1&maxStock=10","timestamp":"2024-11-16T21:22:34.169Z"}
{"level":"info","message":"PUT /products/undefined","timestamp":"2024-11-16T21:22:34.202Z"}
{"level":"info","message":"DELETE /products/undefined","timestamp":"2024-11-16T21:22:34.211Z"}
{"level":"info","message":"POST /products","timestamp":"2024-11-16T21:24:25.833Z"}
{"level":"info","message":"GET /products","timestamp":"2024-11-16T21:24:25.844Z"}
{"level":"info","message":"GET /products?minPrice=1&maxPrice=2800&minStock=1&maxStock=10","timestamp":"2024-11-16T21:24:25.880Z"}
{"level":"info","message":"PUT /products/undefined","timestamp":"2024-11-16T21:24:25.902Z"}
{"level":"info","message":"DELETE /products/undefined","timestamp":"2024-11-16T21:24:25.913Z"}
{"level":"info","message":"POST /products","timestamp":"2024-11-16T21:25:01.210Z"}
{"level":"info","message":"GET /products","timestamp":"2024-11-16T21:25:01.219Z"}
{"level":"info","message":"GET /products?minPrice=1&maxPrice=2800&minStock=1&maxStock=10","timestamp":"2024-11-16T21:25:01.257Z"}
{"level":"info","message":"PUT /products/undefined","timestamp":"2024-11-16T21:25:01.288Z"}
{"level":"info","message":"DELETE /products/undefined","timestamp":"2024-11-16T21:25:01.297Z"}
{"level":"info","message":"POST /products","timestamp":"2024-11-16T21:26:00.443Z"}
{"level":"info","message":"GET /products","timestamp":"2024-11-16T21:26:00.456Z"}
{"level":"info","message":"GET /products?minPrice=1&maxPrice=2800&minStock=1&maxStock=10","timestamp":"2024-11-16T21:26:00.500Z"}
{"level":"info","message":"PUT /products/undefined","timestamp":"2024-11-16T21:26:00.530Z"}
{"level":"info","message":"DELETE /products/undefined","timestamp":"2024-11-16T21:26:00.539Z"}
{"level":"info","message":"POST /products","timestamp":"2024-11-16T21:26:46.600Z"}
{"level":"info","message":"GET /products","timestamp":"2024-11-16T21:26:46.610Z"}
{"level":"info","message":"GET /products?minPrice=2799&maxPrice=2800&minStock=1&maxStock=1","timestamp":"2024-11-16T21:26:46.646Z"}
{"level":"info","message":"PUT /products/undefined","timestamp":"2024-11-16T21:26:46.655Z"}
{"level":"info","message":"DELETE /products/undefined","timestamp":"2024-11-16T21:26:46.678Z"}
{"level":"info","message":"POST /products","timestamp":"2024-11-16T21:28:29.343Z"}
{"level":"info","message":"GET /products","timestamp":"2024-11-16T21:28:29.353Z"}
{"level":"info","message":"GET /products?minPrice=2799&maxPrice=2800&minStock=1&maxStock=1","timestamp":"2024-11-16T21:28:29.390Z"}
{"level":"info","message":"PUT /products/undefined","timestamp":"2024-11-16T21:28:29.400Z"}
{"level":"info","message":"DELETE /products/undefined","timestamp":"2024-11-16T21:28:29.421Z"}
{"level":"info","message":"POST /products","timestamp":"2024-11-16T21:29:16.703Z"}
{"level":"info","message":"GET /products","timestamp":"2024-11-16T21:29:16.714Z"}
{"level":"info","message":"GET /products?minPrice=2799&maxPrice=2800&minStock=1&maxStock=1","timestamp":"2024-11-16T21:29:16.750Z"}
{"level":"info","message":"PUT /products/undefined","timestamp":"2024-11-16T21:29:16.771Z"}
{"level":"info","message":"DELETE /products/undefined","timestamp":"2024-11-16T21:29:16.779Z"}
{"level":"info","message":"POST /products","timestamp":"2024-11-16T21:30:30.433Z"}
{"level":"info","message":"GET /products","timestamp":"2024-11-16T21:30:30.443Z"}
{"level":"info","message":"GET /products?minPrice=2799&maxPrice=2800&minStock=1&maxStock=1","timestamp":"2024-11-16T21:30:30.480Z"}
{"level":"info","message":"PUT /products/undefined","timestamp":"2024-11-16T21:30:30.490Z"}
{"level":"info","message":"DELETE /products/undefined","timestamp":"2024-11-16T21:30:30.498Z"}
{"level":"info","message":"POST /products","timestamp":"2024-11-16T21:32:07.251Z"}
{"level":"info","message":"GET /products","timestamp":"2024-11-16T21:32:07.261Z"}
{"level":"info","message":"GET /products?minPrice=2799&maxPrice=2800&minStock=1&maxStock=1","timestamp":"2024-11-16T21:32:07.298Z"}
{"level":"info","message":"PUT /products/undefined","timestamp":"2024-11-16T21:32:07.312Z"}
{"level":"info","message":"DELETE /products/undefined","timestamp":"2024-11-16T21:32:07.320Z"}
{"level":"info","message":"POST /products","timestamp":"2024-11-16T21:33:37.245Z"}
{"level":"info","message":"GET /products","timestamp":"2024-11-16T21:33:37.256Z"}
{"level":"info","message":"GET /products?minPrice=2799&maxPrice=2800&minStock=1&maxStock=1","timestamp":"2024-11-16T21:33:37.294Z"}
{"level":"info","message":"PUT /products/undefined","timestamp":"2024-11-16T21:33:37.305Z"}
{"level":"info","message":"DELETE /products/undefined","timestamp":"2024-11-16T21:33:37.314Z"}
{"level":"info","message":"POST /products","timestamp":"2024-11-16T21:35:38.440Z"}
{"level":"info","message":"GET /products","timestamp":"2024-11-16T21:35:38.451Z"}
{"level":"info","message":"GET /products?minPrice=2799&maxPrice=2800&minStock=1&maxStock=1","timestamp":"2024-11-16T21:35:38.488Z"}
{"level":"info","message":"PUT /products/21","timestamp":"2024-11-16T21:35:38.497Z"}
{"level":"info","message":"DELETE /products/21","timestamp":"2024-11-16T21:35:38.504Z"}
{"level":"info","message":"POST /products","timestamp":"2024-11-16T21:36:49.250Z"}
{"level":"info","message":"GET /products","timestamp":"2024-11-16T21:36:49.261Z"}
{"level":"info","message":"GET /products?minPrice=2799&maxPrice=2800&minStock=1&maxStock=1","timestamp":"2024-11-16T21:36:49.297Z"}
{"level":"info","message":"PUT /products/21","timestamp":"2024-11-16T21:36:49.309Z"}
{"level":"info","message":"DELETE /products/21","timestamp":"2024-11-16T21:36:49.378Z"}
{"level":"info","message":"POST /products","timestamp":"2024-11-16T21:40:50.815Z"}
{"level":"info","message":"GET /products","timestamp":"2024-11-16T21:40:50.826Z"}
{"level":"info","message":"GET /products?minPrice=2799&maxPrice=2800&minStock=1&maxStock=1","timestamp":"2024-11-16T21:40:50.862Z"}
{"level":"info","message":"PUT /products/21","timestamp":"2024-11-16T21:40:50.872Z"}
{"level":"info","message":"DELETE /products/21","timestamp":"2024-11-16T21:40:50.881Z"}
{"level":"info","message":"POST /products","timestamp":"2024-11-16T21:51:55.784Z"}
{"level":"info","message":"GET /products","timestamp":"2024-11-16T21:51:55.799Z"}
{"level":"info","message":"GET /products?minPrice=2799&maxPrice=2800&minStock=1&maxStock=1","timestamp":"2024-11-16T21:51:55.863Z"}
{"level":"info","message":"POST /products","timestamp":"2024-11-16T21:52:44.551Z"}
{"level":"info","message":"GET /products","timestamp":"2024-11-16T21:52:44.563Z"}
{"level":"info","message":"GET /products?minPrice=2799&maxPrice=2800&minStock=1&maxStock=1","timestamp":"2024-11-16T21:52:44.599Z"}
{"level":"info","message":"PUT /products/21","timestamp":"2024-11-16T21:52:44.609Z"}
{"level":"info","message":"DELETE /products/21","timestamp":"2024-11-16T21:52:44.615Z"}
{"level":"info","message":"POST /products","timestamp":"2024-11-16T21:52:54.478Z"}
{"level":"info","message":"GET /products","timestamp":"2024-11-16T21:52:54.488Z"}
{"level":"info","message":"GET /products?minPrice=2799&maxPrice=2800&minStock=1&maxStock=1","timestamp":"2024-11-16T21:52:54.525Z"}
{"level":"info","message":"PUT /products/21","timestamp":"2024-11-16T21:52:54.535Z"}
{"level":"info","message":"DELETE /products/21","timestamp":"2024-11-16T21:52:54.544Z"}
{"level":"info","message":"POST /products","timestamp":"2024-11-16T21:55:08.732Z"}
{"level":"info","message":"GET /products","timestamp":"2024-11-16T21:55:08.743Z"}
{"level":"info","message":"GET /products?minPrice=2799&maxPrice=2800&minStock=1&maxStock=1","timestamp":"2024-11-16T21:55:08.783Z"}
{"level":"info","message":"PUT /products/21","timestamp":"2024-11-16T21:55:08.796Z"}
{"level":"info","message":"DELETE /products/21","timestamp":"2024-11-16T21:55:08.804Z"}
{"level":"info","message":"POST /products","timestamp":"2024-11-16T21:55:08.853Z"}
{"level":"info","message":"GET /products","timestamp":"2024-11-16T21:55:08.862Z"}
{"level":"info","message":"GET /products?minPrice=2799&maxPrice=2800&minStock=1&maxStock=1","timestamp":"2024-11-16T21:55:08.892Z"}
{"level":"info","message":"POST /products","timestamp":"2024-11-16T21:57:13.407Z"}
{"level":"info","message":"GET /products","timestamp":"2024-11-16T21:57:13.417Z"}
{"level":"info","message":"GET /products?minPrice=2799&maxPrice=2800&minStock=1&maxStock=1","timestamp":"2024-11-16T21:57:13.453Z"}
{"level":"info","message":"PUT /products/21","timestamp":"2024-11-16T21:57:13.463Z"}
{"level":"info","message":"DELETE /products/21","timestamp":"2024-11-16T21:57:13.469Z"}
{"level":"info","message":"POST /products","timestamp":"2024-11-16T21:57:13.506Z"}
{"level":"info","message":"GET /products","timestamp":"2024-11-16T21:57:13.513Z"}
{"level":"info","message":"GET /products?minPrice=2799&maxPrice=2800&minStock=1&maxStock=1","timestamp":"2024-11-16T21:57:13.543Z"}
{"level":"info","message":"PUT /products/undefined","timestamp":"2024-11-16T21:57:13.552Z"}
{"level":"info","message":"DELETE /products/undefined","timestamp":"2024-11-16T21:57:13.558Z"}
{"level":"info","message":"POST /products","timestamp":"2024-11-16T22:01:20.972Z"}
{"level":"info","message":"GET /products","timestamp":"2024-11-16T22:01:20.982Z"}
{"level":"info","message":"GET /products?minPrice=2799&maxPrice=2800&minStock=1&maxStock=1","timestamp":"2024-11-16T22:01:21.031Z"}
{"level":"info","message":"PUT /products/21","timestamp":"2024-11-16T22:01:21.040Z"}
{"level":"info","message":"DELETE /products/21","timestamp":"2024-11-16T22:01:21.048Z"}
{"level":"info","message":"POST /products","timestamp":"2024-11-16T22:01:21.084Z"}
{"level":"info","message":"GET /products","timestamp":"2024-11-16T22:01:21.091Z"}
{"level":"info","message":"GET /products?minPrice=0&maxPrice=2800&minStock=1&maxStock=10","timestamp":"2024-11-16T22:01:21.121Z"}
{"level":"info","message":"PUT /products/undefined","timestamp":"2024-11-16T22:01:21.154Z"}
{"level":"info","message":"DELETE /products/undefined","timestamp":"2024-11-16T22:01:21.162Z"}
{"level":"info","message":"POST /products","timestamp":"2024-11-16T22:02:22.334Z"}
{"level":"info","message":"GET /products","timestamp":"2024-11-16T22:02:22.344Z"}
{"level":"info","message":"GET /products?minPrice=2799&maxPrice=2800&minStock=1&maxStock=1","timestamp":"2024-11-16T22:02:22.381Z"}
{"level":"info","message":"PUT /products/21","timestamp":"2024-11-16T22:02:22.397Z"}
{"level":"info","message":"DELETE /products/21","timestamp":"2024-11-16T22:02:22.407Z"}
{"level":"info","message":"POST /products","timestamp":"2024-11-16T22:02:22.447Z"}
{"level":"info","message":"GET /products","timestamp":"2024-11-16T22:02:22.454Z"}
{"level":"info","message":"GET /products?minPrice=0&maxPrice=2800&minStock=1&maxStock=10","timestamp":"2024-11-16T22:02:22.484Z"}
{"level":"info","message":"PUT /products/20","timestamp":"2024-11-16T22:02:22.503Z"}
{"level":"info","message":"DELETE /products/20","timestamp":"2024-11-16T22:02:22.514Z"}
{"level":"info","message":"POST /products","timestamp":"2024-11-16T22:03:41.349Z"}
{"level":"info","message":"GET /products","timestamp":"2024-11-16T22:03:41.359Z"}
{"level":"info","message":"GET /products?minPrice=2799&maxPrice=2800&minStock=1&maxStock=1","timestamp":"2024-11-16T22:03:41.394Z"}
{"level":"info","message":"PUT /products/21","timestamp":"2024-11-16T22:03:41.404Z"}
{"level":"info","message":"DELETE /products/21","timestamp":"2024-11-16T22:03:41.410Z"}
{"level":"info","message":"POST /products","timestamp":"2024-11-16T22:03:41.447Z"}
{"level":"info","message":"GET /products","timestamp":"2024-11-16T22:03:41.454Z"}
{"level":"info","message":"GET /products?minPrice=0&maxPrice=2800&minStock=1&maxStock=10","timestamp":"2024-11-16T22:03:41.485Z"}
{"level":"info","message":"PUT /products/20","timestamp":"2024-11-16T22:03:41.504Z"}
{"level":"info","message":"DELETE /products/20","timestamp":"2024-11-16T22:03:41.510Z"}
{"level":"info","message":"POST /products","timestamp":"2024-11-16T22:03:41.547Z"}
{"level":"info","message":"GET /products","timestamp":"2024-11-16T22:03:43.014Z"}
{"level":"info","message":"GET /products?minPrice=2799&maxPrice=2800&minStock=1&maxStock=1","timestamp":"2024-11-16T22:03:43.049Z"}
{"level":"info","message":"PUT /products/undefined","timestamp":"2024-11-16T22:03:43.057Z"}
{"level":"info","message":"DELETE /products/undefined","timestamp":"2024-11-16T22:03:43.098Z"}
{"level":"info","message":"POST /products","timestamp":"2024-11-16T22:03:43.162Z"}
{"level":"info","message":"GET /products","timestamp":"2024-11-16T22:03:43.171Z"}
{"level":"info","message":"GET /products?minPrice=0&maxPrice=2800&minStock=1&maxStock=10","timestamp":"2024-11-16T22:03:43.215Z"}
{"level":"info","message":"PUT /products/4","timestamp":"2024-11-16T22:03:43.236Z"}
{"level":"info","message":"DELETE /products/4","timestamp":"2024-11-16T22:03:43.241Z"}
{"level":"info","message":"POST /products","timestamp":"2024-11-16T22:07:41.350Z"}
{"level":"info","message":"GET /products","timestamp":"2024-11-16T22:07:41.359Z"}
{"level":"info","message":"GET /products?minPrice=2799&maxPrice=2800&minStock=1&maxStock=1","timestamp":"2024-11-16T22:07:41.407Z"}
{"level":"info","message":"PUT /products/21","timestamp":"2024-11-16T22:07:41.420Z"}
{"level":"info","message":"DELETE /products/21","timestamp":"2024-11-16T22:07:41.427Z"}
{"level":"info","message":"POST /products","timestamp":"2024-11-16T22:07:41.463Z"}
{"level":"info","message":"GET /products","timestamp":"2024-11-16T22:07:41.471Z"}
{"level":"info","message":"GET /products?minPrice=0&maxPrice=2800&minStock=1&maxStock=10","timestamp":"2024-11-16T22:07:41.501Z"}
{"level":"info","message":"PUT /products/20","timestamp":"2024-11-16T22:07:41.520Z"}
{"level":"info","message":"DELETE /products/20","timestamp":"2024-11-16T22:07:41.527Z"}
{"level":"info","message":"POST /products","timestamp":"2024-11-16T22:07:41.561Z"}
{"level":"info","message":"GET /products","timestamp":"2024-11-16T22:07:43.094Z"}
{"level":"info","message":"GET /products?minPrice=2799&maxPrice=2800&minStock=1&maxStock=1","timestamp":"2024-11-16T22:07:43.130Z"}
{"level":"info","message":"PUT /products/undefined","timestamp":"2024-11-16T22:07:43.139Z"}
{"level":"info","message":"DELETE /products/undefined","timestamp":"2024-11-16T22:07:43.174Z"}
{"level":"info","message":"POST /products","timestamp":"2024-11-16T22:07:43.207Z"}
{"level":"info","message":"GET /products","timestamp":"2024-11-16T22:07:43.213Z"}
{"level":"info","message":"GET /products?minPrice=0&maxPrice=2800&minStock=1&maxStock=10","timestamp":"2024-11-16T22:07:43.254Z"}
{"level":"info","message":"PUT /products/4","timestamp":"2024-11-16T22:07:43.273Z"}
{"level":"info","message":"DELETE /products/4","timestamp":"2024-11-16T22:07:43.279Z"}
{"level":"info","message":"POST /products","timestamp":"2024-11-16T22:07:50.528Z"}
{"level":"info","message":"GET /products","timestamp":"2024-11-16T22:07:50.538Z"}
{"level":"info","message":"GET /products?minPrice=2799&maxPrice=2800&minStock=1&maxStock=1","timestamp":"2024-11-16T22:07:50.585Z"}
{"level":"info","message":"PUT /products/21","timestamp":"2024-11-16T22:07:50.594Z"}
{"level":"info","message":"DELETE /products/21","timestamp":"2024-11-16T22:07:50.601Z"}
{"level":"info","message":"POST /products","timestamp":"2024-11-16T22:07:50.637Z"}
{"level":"info","message":"GET /products","timestamp":"2024-11-16T22:07:50.649Z"}
{"level":"info","message":"GET /products?minPrice=0&maxPrice=2800&minStock=1&maxStock=10","timestamp":"2024-11-16T22:07:50.702Z"}
{"level":"info","message":"PUT /products/20","timestamp":"2024-11-16T22:07:50.732Z"}
{"level":"info","message":"DELETE /products/20","timestamp":"2024-11-16T22:07:50.740Z"}
{"level":"info","message":"POST /products","timestamp":"2024-11-16T22:07:50.779Z"}
{"level":"info","message":"GET /products","timestamp":"2024-11-16T22:07:52.205Z"}
{"level":"info","message":"GET /products?minPrice=2799&maxPrice=2800&minStock=1&maxStock=1","timestamp":"2024-11-16T22:07:52.242Z"}
{"level":"info","message":"PUT /products/undefined","timestamp":"2024-11-16T22:07:52.251Z"}
{"level":"info","message":"DELETE /products/undefined","timestamp":"2024-11-16T22:07:52.299Z"}
{"level":"info","message":"POST /products","timestamp":"2024-11-16T22:07:52.341Z"}
{"level":"info","message":"GET /products","timestamp":"2024-11-16T22:07:52.346Z"}
{"level":"info","message":"GET /products?minPrice=0&maxPrice=2800&minStock=1&maxStock=10","timestamp":"2024-11-16T22:07:52.383Z"}
{"level":"info","message":"PUT /products/4","timestamp":"2024-11-16T22:07:52.401Z"}
{"level":"info","message":"DELETE /products/4","timestamp":"2024-11-16T22:07:52.407Z"}
{"level":"info","message":"POST /products","timestamp":"2024-11-16T22:09:51.642Z"}
{"level":"info","message":"GET /products","timestamp":"2024-11-16T22:09:51.658Z"}
{"level":"info","message":"GET /products?minPrice=2799&maxPrice=2800&minStock=1&maxStock=1","timestamp":"2024-11-16T22:09:51.694Z"}
{"level":"info","message":"PUT /products/21","timestamp":"2024-11-16T22:09:51.704Z"}
{"level":"info","message":"DELETE /products/21","timestamp":"2024-11-16T22:09:51.711Z"}
{"level":"info","message":"POST /products","timestamp":"2024-11-16T22:09:51.748Z"}
{"level":"info","message":"GET /products","timestamp":"2024-11-16T22:09:51.756Z"}
{"level":"info","message":"GET /products?minPrice=0&maxPrice=2800&minStock=1&maxStock=10","timestamp":"2024-11-16T22:09:51.787Z"}
{"level":"info","message":"PUT /products/20","timestamp":"2024-11-16T22:09:51.807Z"}
{"level":"info","message":"DELETE /products/20","timestamp":"2024-11-16T22:09:51.813Z"}
{"level":"info","message":"POST /products","timestamp":"2024-11-16T22:09:51.846Z"}
{"level":"info","message":"GET /products","timestamp":"2024-11-16T22:09:53.307Z"}
{"level":"info","message":"GET /products?minPrice=2799&maxPrice=2800&minStock=1&maxStock=1","timestamp":"2024-11-16T22:09:53.336Z"}
{"level":"info","message":"PUT /products/undefined","timestamp":"2024-11-16T22:09:53.346Z"}
{"level":"info","message":"DELETE /products/undefined","timestamp":"2024-11-16T22:09:53.375Z"}
{"level":"info","message":"POST /products","timestamp":"2024-11-16T22:09:53.408Z"}
{"level":"info","message":"GET /products","timestamp":"2024-11-16T22:09:53.413Z"}
{"level":"info","message":"GET /products?minPrice=0&maxPrice=2800&minStock=1&maxStock=10","timestamp":"2024-11-16T22:09:53.442Z"}
{"level":"info","message":"PUT /products/4","timestamp":"2024-11-16T22:09:53.461Z"}
{"level":"info","message":"DELETE /products/4","timestamp":"2024-11-16T22:09:53.469Z"}
{"level":"info","message":"POST /products","timestamp":"2024-11-16T22:12:11.887Z"}
{"level":"info","message":"GET /products","timestamp":"2024-11-16T22:12:11.900Z"}
{"level":"info","message":"GET /products?minPrice=2799&maxPrice=2800&minStock=1&maxStock=1","timestamp":"2024-11-16T22:12:11.947Z"}
{"level":"info","message":"POST /products","timestamp":"2024-11-16T22:12:12.009Z"}
{"level":"info","message":"GET /products","timestamp":"2024-11-16T22:12:12.017Z"}
{"level":"info","message":"GET /products?minPrice=0&maxPrice=2800&minStock=1&maxStock=10","timestamp":"2024-11-16T22:12:12.056Z"}
{"level":"info","message":"PUT /products/20","timestamp":"2024-11-16T22:12:12.076Z"}
{"level":"info","message":"DELETE /products/20","timestamp":"2024-11-16T22:12:12.082Z"}
{"level":"info","message":"POST /products","timestamp":"2024-11-16T22:12:12.116Z"}
{"level":"info","message":"GET /products","timestamp":"2024-11-16T22:12:13.664Z"}
{"level":"info","message":"GET /products?minPrice=2799&maxPrice=2800&minStock=1&maxStock=1","timestamp":"2024-11-16T22:12:13.694Z"}
{"level":"info","message":"PUT /products/undefined","timestamp":"2024-11-16T22:12:13.701Z"}
{"level":"info","message":"DELETE /products/undefined","timestamp":"2024-11-16T22:12:13.731Z"}
{"level":"info","message":"POST /products","timestamp":"2024-11-16T22:12:13.764Z"}
{"level":"info","message":"GET /products","timestamp":"2024-11-16T22:12:13.770Z"}
{"level":"info","message":"GET /products?minPrice=0&maxPrice=2800&minStock=1&maxStock=10","timestamp":"2024-11-16T22:12:13.799Z"}
{"level":"info","message":"PUT /products/4","timestamp":"2024-11-16T22:12:13.817Z"}
{"level":"info","message":"DELETE /products/4","timestamp":"2024-11-16T22:12:13.822Z"}
{"level":"info","message":"POST /products","timestamp":"2024-11-16T22:15:31.050Z"}
{"level":"info","message":"GET /products","timestamp":"2024-11-16T22:15:31.066Z"}
{"level":"info","message":"GET /products?minPrice=2799&maxPrice=2800&minStock=1&maxStock=1","timestamp":"2024-11-16T22:15:31.108Z"}
{"level":"info","message":"PUT /products/21","timestamp":"2024-11-16T22:15:31.119Z"}
{"level":"info","message":"DELETE /products/21","timestamp":"2024-11-16T22:15:31.126Z"}
{"level":"info","message":"POST /products","timestamp":"2024-11-16T22:15:31.167Z"}
{"level":"info","message":"GET /products","timestamp":"2024-11-16T22:15:31.175Z"}
{"level":"info","message":"GET /products?minPrice=0&maxPrice=2800&minStock=1&maxStock=10","timestamp":"2024-11-16T22:15:31.206Z"}
{"level":"info","message":"PUT /products/20","timestamp":"2024-11-16T22:15:31.225Z"}
{"level":"info","message":"DELETE /products/20","timestamp":"2024-11-16T22:15:31.231Z"}
{"level":"info","message":"POST /products","timestamp":"2024-11-16T22:15:31.265Z"}
{"level":"info","message":"GET /products","timestamp":"2024-11-16T22:15:32.748Z"}
{"level":"info","message":"GET /products?minPrice=2799&maxPrice=2800&minStock=1&maxStock=1","timestamp":"2024-11-16T22:15:32.779Z"}
{"level":"info","message":"PUT /products/undefined","timestamp":"2024-11-16T22:15:32.789Z"}
{"level":"info","message":"DELETE /products/undefined","timestamp":"2024-11-16T22:15:32.820Z"}
{"level":"info","message":"POST /products","timestamp":"2024-11-16T22:15:32.853Z"}
{"level":"info","message":"GET /products","timestamp":"2024-11-16T22:15:32.858Z"}
{"level":"info","message":"GET /products?minPrice=0&maxPrice=2800&minStock=1&maxStock=10","timestamp":"2024-11-16T22:15:32.889Z"}
{"level":"info","message":"PUT /products/4","timestamp":"2024-11-16T22:15:32.911Z"}
{"level":"info","message":"DELETE /products/4","timestamp":"2024-11-16T22:15:32.916Z"}
{"level":"info","message":"POST /products","timestamp":"2024-11-16T22:15:41.604Z"}
{"level":"info","message":"GET /products","timestamp":"2024-11-16T22:15:41.614Z"}
{"level":"info","message":"GET /products?minPrice=2799&maxPrice=2800&minStock=1&maxStock=1","timestamp":"2024-11-16T22:15:41.652Z"}
{"level":"info","message":"PUT /products/21","timestamp":"2024-11-16T22:15:41.672Z"}
{"level":"info","message":"DELETE /products/21","timestamp":"2024-11-16T22:15:41.679Z"}
{"level":"info","message":"POST /products","timestamp":"2024-11-16T22:15:41.721Z"}
{"level":"info","message":"GET /products","timestamp":"2024-11-16T22:15:41.731Z"}
{"level":"info","message":"GET /products?minPrice=0&maxPrice=2800&minStock=1&maxStock=10","timestamp":"2024-11-16T22:15:41.770Z"}
{"level":"info","message":"PUT /products/20","timestamp":"2024-11-16T22:15:41.791Z"}
{"level":"info","message":"DELETE /products/20","timestamp":"2024-11-16T22:15:41.797Z"}
{"level":"info","message":"POST /products","timestamp":"2024-11-16T22:15:41.830Z"}
{"level":"info","message":"GET /products","timestamp":"2024-11-16T22:15:43.301Z"}
{"level":"info","message":"GET /products?minPrice=2799&maxPrice=2800&minStock=1&maxStock=1","timestamp":"2024-11-16T22:15:43.333Z"}
{"level":"info","message":"PUT /products/undefined","timestamp":"2024-11-16T22:15:43.341Z"}
{"level":"info","message":"DELETE /products/undefined","timestamp":"2024-11-16T22:15:43.373Z"}
{"level":"info","message":"POST /products","timestamp":"2024-11-16T22:15:43.408Z"}
{"level":"info","message":"GET /products","timestamp":"2024-11-16T22:15:43.414Z"}
{"level":"info","message":"GET /products?minPrice=0&maxPrice=2800&minStock=1&maxStock=10","timestamp":"2024-11-16T22:15:43.446Z"}
{"level":"info","message":"PUT /products/4","timestamp":"2024-11-16T22:15:43.464Z"}
{"level":"info","message":"DELETE /products/4","timestamp":"2024-11-16T22:15:43.470Z"}
{"level":"info","message":"POST /products","timestamp":"2024-11-16T22:17:28.839Z"}
{"level":"info","message":"GET /products","timestamp":"2024-11-16T22:17:28.850Z"}
{"level":"info","message":"GET /products?minPrice=2799&maxPrice=2800&minStock=1&maxStock=1","timestamp":"2024-11-16T22:17:28.896Z"}
{"level":"info","message":"PUT /products/21","timestamp":"2024-11-16T22:17:28.906Z"}
{"level":"info","message":"DELETE /products/21","timestamp":"2024-11-16T22:17:28.913Z"}
{"level":"info","message":"POST /products","timestamp":"2024-11-16T22:17:28.950Z"}
{"level":"info","message":"GET /products","timestamp":"2024-11-16T22:17:28.957Z"}
{"level":"info","message":"GET /products?minPrice=0&maxPrice=2800&minStock=1&maxStock=10","timestamp":"2024-11-16T22:17:28.988Z"}
{"level":"info","message":"PUT /products/20","timestamp":"2024-11-16T22:17:29.007Z"}
{"level":"info","message":"DELETE /products/20","timestamp":"2024-11-16T22:17:29.013Z"}
{"level":"info","message":"POST /products","timestamp":"2024-11-16T22:17:29.048Z"}
{"level":"info","message":"GET /products","timestamp":"2024-11-16T22:17:30.559Z"}
{"level":"info","message":"GET /products?minPrice=2799&maxPrice=2800&minStock=1&maxStock=1","timestamp":"2024-11-16T22:17:30.592Z"}
{"level":"info","message":"PUT /products/undefined","timestamp":"2024-11-16T22:17:30.601Z"}
{"level":"info","message":"DELETE /products/undefined","timestamp":"2024-11-16T22:17:30.636Z"}
{"level":"info","message":"POST /products","timestamp":"2024-11-16T22:17:30.670Z"}
{"level":"info","message":"GET /products","timestamp":"2024-11-16T22:17:30.675Z"}
{"level":"info","message":"GET /products?minPrice=0&maxPrice=2800&minStock=1&maxStock=10","timestamp":"2024-11-16T22:17:30.708Z"}
{"level":"info","message":"PUT /products/4","timestamp":"2024-11-16T22:17:30.726Z"}
{"level":"info","message":"DELETE /products/4","timestamp":"2024-11-16T22:17:30.731Z"}
{"level":"info","message":"POST /products","timestamp":"2024-11-16T22:18:33.046Z"}
{"level":"info","message":"GET /products","timestamp":"2024-11-16T22:18:33.062Z"}
{"level":"info","message":"GET /products?minPrice=2799&maxPrice=2800&minStock=1&maxStock=1","timestamp":"2024-11-16T22:18:33.105Z"}
{"level":"info","message":"PUT /products/21","timestamp":"2024-11-16T22:18:33.114Z"}
{"level":"info","message":"DELETE /products/21","timestamp":"2024-11-16T22:18:33.121Z"}
{"level":"info","message":"POST /products","timestamp":"2024-11-16T22:18:33.160Z"}
{"level":"info","message":"GET /products","timestamp":"2024-11-16T22:18:33.168Z"}
{"level":"info","message":"GET /products?minPrice=0&maxPrice=2800&minStock=1&maxStock=10","timestamp":"2024-11-16T22:18:33.199Z"}
{"level":"info","message":"PUT /products/20","timestamp":"2024-11-16T22:18:33.219Z"}
{"level":"info","message":"DELETE /products/20","timestamp":"2024-11-16T22:18:33.226Z"}
{"level":"info","message":"POST /products","timestamp":"2024-11-16T22:18:33.260Z"}
{"level":"info","message":"GET /products","timestamp":"2024-11-16T22:18:34.726Z"}
{"level":"info","message":"GET /products?minPrice=2799&maxPrice=2800&minStock=1&maxStock=1","timestamp":"2024-11-16T22:18:34.756Z"}
{"level":"info","message":"PUT /products/25","timestamp":"2024-11-16T22:18:34.764Z"}
{"level":"info","message":"DELETE /products/25","timestamp":"2024-11-16T22:18:35.033Z"}
{"level":"info","message":"POST /products","timestamp":"2024-11-16T22:18:35.074Z"}
{"level":"info","message":"GET /products","timestamp":"2024-11-16T22:18:35.082Z"}
{"level":"info","message":"GET /products?minPrice=0&maxPrice=2800&minStock=1&maxStock=10","timestamp":"2024-11-16T22:18:35.121Z"}
{"level":"info","message":"PUT /products/4","timestamp":"2024-11-16T22:18:35.140Z"}
{"level":"info","message":"DELETE /products/4","timestamp":"2024-11-16T22:18:35.145Z"}
{"level":"info","message":"POST /products","timestamp":"2024-11-16T22:18:43.374Z"}
{"level":"info","message":"GET /products","timestamp":"2024-11-16T22:18:43.384Z"}
{"level":"info","message":"GET /products?minPrice=2799&maxPrice=2800&minStock=1&maxStock=1","timestamp":"2024-11-16T22:18:43.431Z"}
{"level":"info","message":"PUT /products/21","timestamp":"2024-11-16T22:18:43.440Z"}
{"level":"info","message":"DELETE /products/21","timestamp":"2024-11-16T22:18:43.448Z"}
{"level":"info","message":"POST /products","timestamp":"2024-11-16T22:18:43.484Z"}
{"level":"info","message":"GET /products","timestamp":"2024-11-16T22:18:43.491Z"}
{"level":"info","message":"GET /products?minPrice=0&maxPrice=2800&minStock=1&maxStock=10","timestamp":"2024-11-16T22:18:43.522Z"}
{"level":"info","message":"PUT /products/20","timestamp":"2024-11-16T22:18:43.541Z"}
{"level":"info","message":"DELETE /products/20","timestamp":"2024-11-16T22:18:43.548Z"}
{"level":"info","message":"POST /products","timestamp":"2024-11-16T22:18:43.582Z"}
{"level":"info","message":"GET /products","timestamp":"2024-11-16T22:18:45.088Z"}
{"level":"info","message":"GET /products?minPrice=2799&maxPrice=2800&minStock=1&maxStock=1","timestamp":"2024-11-16T22:18:45.119Z"}
{"level":"info","message":"PUT /products/26","timestamp":"2024-11-16T22:18:45.127Z"}
{"level":"info","message":"DELETE /products/26","timestamp":"2024-11-16T22:18:45.397Z"}
{"level":"info","message":"POST /products","timestamp":"2024-11-16T22:18:45.438Z"}
{"level":"info","message":"GET /products","timestamp":"2024-11-16T22:18:45.446Z"}
{"level":"info","message":"GET /products?minPrice=0&maxPrice=2800&minStock=1&maxStock=10","timestamp":"2024-11-16T22:18:45.486Z"}
{"level":"info","message":"PUT /products/4","timestamp":"2024-11-16T22:18:45.506Z"}
{"level":"info","message":"DELETE /products/4","timestamp":"2024-11-16T22:18:45.511Z"}
{"level":"info","message":"POST /products","timestamp":"2024-11-17T00:55:06.884Z"}
{"level":"info","message":"GET /products","timestamp":"2024-11-17T00:55:06.895Z"}
{"level":"info","message":"GET /products?minPrice=2799&maxPrice=2800&minStock=1&maxStock=1","timestamp":"2024-11-17T00:55:06.943Z"}
{"level":"info","message":"PUT /products/21","timestamp":"2024-11-17T00:55:06.953Z"}
{"level":"info","message":"DELETE /products/21","timestamp":"2024-11-17T00:55:06.960Z"}
{"level":"info","message":"POST /products","timestamp":"2024-11-17T00:55:06.999Z"}
{"level":"info","message":"GET /products","timestamp":"2024-11-17T00:55:07.006Z"}
{"level":"info","message":"GET /products?minPrice=0&maxPrice=2800&minStock=1&maxStock=10","timestamp":"2024-11-17T00:55:07.054Z"}
{"level":"info","message":"PUT /products/20","timestamp":"2024-11-17T00:55:07.084Z"}
{"level":"info","message":"DELETE /products/20","timestamp":"2024-11-17T00:55:07.090Z"}
{"level":"info","message":"POST /products","timestamp":"2024-11-17T00:55:07.131Z"}
{"level":"info","message":"GET /products","timestamp":"2024-11-17T00:55:08.563Z"}
{"level":"info","message":"GET /products?minPrice=2799&maxPrice=2800&minStock=1&maxStock=1","timestamp":"2024-11-17T00:55:08.598Z"}
{"level":"info","message":"PUT /products/23","timestamp":"2024-11-17T00:55:08.606Z"}
{"level":"info","message":"DELETE /products/23","timestamp":"2024-11-17T00:55:08.878Z"}
{"level":"info","message":"POST /products","timestamp":"2024-11-17T00:55:08.913Z"}
{"level":"info","message":"GET /products","timestamp":"2024-11-17T00:55:08.918Z"}
{"level":"info","message":"GET /products?minPrice=0&maxPrice=2800&minStock=1&maxStock=10","timestamp":"2024-11-17T00:55:08.951Z"}
{"level":"info","message":"PUT /products/4","timestamp":"2024-11-17T00:55:08.970Z"}
{"level":"info","message":"DELETE /products/4","timestamp":"2024-11-17T00:55:08.975Z"}
